\BOOKMARK [0][-]{chapter.1}{\376\377\000M\000a\000i\000n\000\040\000P\000a\000g\000e}{}
\BOOKMARK [0][-]{chapter.2}{\376\377\000N\000a\000m\000e\000s\000p\000a\000c\000e\000\040\000I\000n\000d\000e\000x}{}
\BOOKMARK [1][-]{section.2.1}{\376\377\000N\000a\000m\000e\000s\000p\000a\000c\000e\000\040\000L\000i\000s\000t}{chapter.2}
\BOOKMARK [0][-]{chapter.3}{\376\377\000C\000l\000a\000s\000s\000\040\000I\000n\000d\000e\000x}{}
\BOOKMARK [1][-]{section.3.1}{\376\377\000C\000l\000a\000s\000s\000\040\000L\000i\000s\000t}{chapter.3}
\BOOKMARK [0][-]{chapter.4}{\376\377\000F\000i\000l\000e\000\040\000I\000n\000d\000e\000x}{}
\BOOKMARK [1][-]{section.4.1}{\376\377\000F\000i\000l\000e\000\040\000L\000i\000s\000t}{chapter.4}
\BOOKMARK [0][-]{chapter.5}{\376\377\000N\000a\000m\000e\000s\000p\000a\000c\000e\000\040\000D\000o\000c\000u\000m\000e\000n\000t\000a\000t\000i\000o\000n}{}
\BOOKMARK [1][-]{section.5.1}{\376\377\000I\000D\000P\000\040\000N\000a\000m\000e\000s\000p\000a\000c\000e\000\040\000R\000e\000f\000e\000r\000e\000n\000c\000e}{chapter.5}
\BOOKMARK [2][-]{subsection.5.1.1}{\376\377\000E\000n\000u\000m\000e\000r\000a\000t\000i\000o\000n\000\040\000T\000y\000p\000e\000\040\000D\000o\000c\000u\000m\000e\000n\000t\000a\000t\000i\000o\000n}{section.5.1}
\BOOKMARK [3][-]{subsubsection.5.1.1.1}{\376\377\000B\000o\000b\000b\000i\000n\000B\000a\000d\000n\000e\000s\000s}{subsection.5.1.1}
\BOOKMARK [3][-]{subsubsection.5.1.1.2}{\376\377\000B\000o\000b\000b\000i\000n\000C\000o\000l\000o\000u\000r}{subsection.5.1.1}
\BOOKMARK [3][-]{subsubsection.5.1.1.3}{\376\377\000L\000i\000n\000e\000F\000o\000l\000l\000o\000w\000i\000n\000g\000S\000t\000a\000t\000u\000s}{subsection.5.1.1}
\BOOKMARK [3][-]{subsubsection.5.1.1.4}{\376\377\000L\000i\000n\000e\000S\000e\000n\000s\000o\000r\000S\000t\000a\000t\000u\000s}{subsection.5.1.1}
\BOOKMARK [3][-]{subsubsection.5.1.1.5}{\376\377\000N\000a\000v\000i\000g\000a\000t\000i\000o\000n\000L\000o\000c\000a\000t\000i\000o\000n}{subsection.5.1.1}
\BOOKMARK [3][-]{subsubsection.5.1.1.6}{\376\377\000N\000a\000v\000i\000g\000a\000t\000i\000o\000n\000S\000t\000a\000t\000u\000s}{subsection.5.1.1}
\BOOKMARK [2][-]{subsection.5.1.2}{\376\377\000F\000u\000n\000c\000t\000i\000o\000n\000\040\000D\000o\000c\000u\000m\000e\000n\000t\000a\000t\000i\000o\000n}{section.5.1}
\BOOKMARK [3][-]{subsubsection.5.1.2.1}{\376\377\000c\000a\000p\000\137\000c\000o\000r\000r\000e\000c\000t\000i\000o\000n}{subsection.5.1.2}
\BOOKMARK [2][-]{subsection.5.1.3}{\376\377\000V\000a\000r\000i\000a\000b\000l\000e\000\040\000D\000o\000c\000u\000m\000e\000n\000t\000a\000t\000i\000o\000n}{section.5.1}
\BOOKMARK [3][-]{subsubsection.5.1.3.1}{\376\377\000E\000D\000G\000E\000\137\000E\000R\000R\000O\000R}{subsection.5.1.3}
\BOOKMARK [3][-]{subsubsection.5.1.3.2}{\376\377\000I\000N\000T\000E\000G\000R\000A\000L\000\137\000G\000A\000I\000N}{subsection.5.1.3}
\BOOKMARK [3][-]{subsubsection.5.1.3.3}{\376\377\000L\000O\000S\000T\000\137\000T\000I\000M\000E\000O\000U\000T}{subsection.5.1.3}
\BOOKMARK [3][-]{subsubsection.5.1.3.4}{\376\377\000M\000A\000X\000\137\000C\000O\000R\000R\000E\000C\000T\000I\000O\000N}{subsection.5.1.3}
\BOOKMARK [3][-]{subsubsection.5.1.3.5}{\376\377\000M\000O\000T\000O\000R\000\137\000M\000A\000X\000\137\000S\000P\000E\000E\000D}{subsection.5.1.3}
\BOOKMARK [3][-]{subsubsection.5.1.3.6}{\376\377\000M\000O\000T\000O\000R\000\137\000R\000A\000M\000P\000\137\000T\000I\000M\000E}{subsection.5.1.3}
\BOOKMARK [0][-]{chapter.6}{\376\377\000C\000l\000a\000s\000s\000\040\000D\000o\000c\000u\000m\000e\000n\000t\000a\000t\000i\000o\000n}{}
\BOOKMARK [1][-]{section.6.1}{\376\377\000I\000D\000P\000:\000:\000C\000l\000a\000m\000p\000C\000o\000n\000t\000r\000o\000l\000\040\000C\000l\000a\000s\000s\000\040\000R\000e\000f\000e\000r\000e\000n\000c\000e}{chapter.6}
\BOOKMARK [2][-]{subsection.6.1.1}{\376\377\000D\000e\000t\000a\000i\000l\000e\000d\000\040\000D\000e\000s\000c\000r\000i\000p\000t\000i\000o\000n}{section.6.1}
\BOOKMARK [2][-]{subsection.6.1.2}{\376\377\000C\000o\000n\000s\000t\000r\000u\000c\000t\000o\000r\000\040\000\046\000\040\000D\000e\000s\000t\000r\000u\000c\000t\000o\000r\000\040\000D\000o\000c\000u\000m\000e\000n\000t\000a\000t\000i\000o\000n}{section.6.1}
\BOOKMARK [3][-]{subsubsection.6.1.2.1}{\376\377\000C\000l\000a\000m\000p\000C\000o\000n\000t\000r\000o\000l}{subsection.6.1.2}
\BOOKMARK [2][-]{subsection.6.1.3}{\376\377\000M\000e\000m\000b\000e\000r\000\040\000F\000u\000n\000c\000t\000i\000o\000n\000\040\000D\000o\000c\000u\000m\000e\000n\000t\000a\000t\000i\000o\000n}{section.6.1}
\BOOKMARK [3][-]{subsubsection.6.1.3.1}{\376\377\000b\000a\000d\000n\000e\000s\000s}{subsection.6.1.3}
\BOOKMARK [3][-]{subsubsection.6.1.3.2}{\376\377\000c\000o\000l\000o\000u\000r}{subsection.6.1.3}
\BOOKMARK [3][-]{subsubsection.6.1.3.3}{\376\377\000p\000i\000c\000k\000\137\000u\000p}{subsection.6.1.3}
\BOOKMARK [3][-]{subsubsection.6.1.3.4}{\376\377\000p\000u\000t\000\137\000d\000o\000w\000n}{subsection.6.1.3}
\BOOKMARK [1][-]{section.6.2}{\376\377\000I\000D\000P\000:\000:\000H\000a\000r\000d\000w\000a\000r\000e\000A\000b\000s\000t\000r\000a\000c\000t\000i\000o\000n\000L\000a\000y\000e\000r\000\040\000C\000l\000a\000s\000s\000\040\000R\000e\000f\000e\000r\000e\000n\000c\000e}{chapter.6}
\BOOKMARK [2][-]{subsection.6.2.1}{\376\377\000D\000e\000t\000a\000i\000l\000e\000d\000\040\000D\000e\000s\000c\000r\000i\000p\000t\000i\000o\000n}{section.6.2}
\BOOKMARK [2][-]{subsection.6.2.2}{\376\377\000C\000o\000n\000s\000t\000r\000u\000c\000t\000o\000r\000\040\000\046\000\040\000D\000e\000s\000t\000r\000u\000c\000t\000o\000r\000\040\000D\000o\000c\000u\000m\000e\000n\000t\000a\000t\000i\000o\000n}{section.6.2}
\BOOKMARK [3][-]{subsubsection.6.2.2.1}{\376\377\000H\000a\000r\000d\000w\000a\000r\000e\000A\000b\000s\000t\000r\000a\000c\000t\000i\000o\000n\000L\000a\000y\000e\000r}{subsection.6.2.2}
\BOOKMARK [2][-]{subsection.6.2.3}{\376\377\000M\000e\000m\000b\000e\000r\000\040\000F\000u\000n\000c\000t\000i\000o\000n\000\040\000D\000o\000c\000u\000m\000e\000n\000t\000a\000t\000i\000o\000n}{section.6.2}
\BOOKMARK [3][-]{subsubsection.6.2.3.1}{\376\377\000b\000a\000d\000\137\000b\000o\000b\000b\000i\000n\000\137\000l\000d\000r}{subsection.6.2.3}
\BOOKMARK [3][-]{subsubsection.6.2.3.2}{\376\377\000b\000a\000d\000\137\000b\000o\000b\000b\000i\000n\000\137\000l\000e\000d}{subsection.6.2.3}
\BOOKMARK [3][-]{subsubsection.6.2.3.3}{\376\377\000c\000l\000e\000a\000r\000\137\000s\000t\000a\000t\000u\000s\000\137\000r\000e\000g\000i\000s\000t\000e\000r}{subsection.6.2.3}
\BOOKMARK [3][-]{subsubsection.6.2.3.4}{\376\377\000c\000o\000l\000o\000u\000r\000\137\000l\000d\000r}{subsection.6.2.3}
\BOOKMARK [3][-]{subsubsection.6.2.3.5}{\376\377\000c\000o\000l\000o\000u\000r\000\137\000l\000e\000d\000s}{subsection.6.2.3}
\BOOKMARK [3][-]{subsubsection.6.2.3.6}{\376\377\000g\000r\000a\000b\000b\000e\000r\000\137\000j\000a\000w}{subsection.6.2.3}
\BOOKMARK [3][-]{subsubsection.6.2.3.7}{\376\377\000g\000r\000a\000b\000b\000e\000r\000\137\000l\000i\000f\000t}{subsection.6.2.3}
\BOOKMARK [3][-]{subsubsection.6.2.3.8}{\376\377\000g\000r\000a\000b\000b\000e\000r\000\137\000s\000w\000i\000t\000c\000h}{subsection.6.2.3}
\BOOKMARK [3][-]{subsubsection.6.2.3.9}{\376\377\000i\000n\000d\000i\000c\000a\000t\000i\000o\000n\000\137\000L\000E\000D\000s}{subsection.6.2.3}
\BOOKMARK [3][-]{subsubsection.6.2.3.10}{\376\377\000l\000i\000n\000e\000\137\000f\000o\000l\000l\000o\000w\000i\000n\000g\000\137\000s\000e\000n\000s\000o\000r\000s}{subsection.6.2.3}
\BOOKMARK [3][-]{subsubsection.6.2.3.11}{\376\377\000m\000o\000t\000o\000r\000\137\000l\000e\000f\000t\000\137\000b\000a\000c\000k\000w\000a\000r\000d}{subsection.6.2.3}
\BOOKMARK [3][-]{subsubsection.6.2.3.12}{\376\377\000m\000o\000t\000o\000r\000\137\000l\000e\000f\000t\000\137\000f\000o\000r\000w\000a\000r\000d}{subsection.6.2.3}
\BOOKMARK [3][-]{subsubsection.6.2.3.13}{\376\377\000m\000o\000t\000o\000r\000\137\000r\000i\000g\000h\000t\000\137\000b\000a\000c\000k\000w\000a\000r\000d}{subsection.6.2.3}
\BOOKMARK [3][-]{subsubsection.6.2.3.14}{\376\377\000m\000o\000t\000o\000r\000\137\000r\000i\000g\000h\000t\000\137\000f\000o\000r\000w\000a\000r\000d}{subsection.6.2.3}
\BOOKMARK [3][-]{subsubsection.6.2.3.15}{\376\377\000m\000o\000t\000o\000r\000s\000\137\000b\000a\000c\000k\000w\000a\000r\000d}{subsection.6.2.3}
\BOOKMARK [3][-]{subsubsection.6.2.3.16}{\376\377\000m\000o\000t\000o\000r\000s\000\137\000f\000o\000r\000w\000a\000r\000d}{subsection.6.2.3}
\BOOKMARK [3][-]{subsubsection.6.2.3.17}{\376\377\000m\000o\000t\000o\000r\000s\000\137\000s\000t\000o\000p}{subsection.6.2.3}
\BOOKMARK [3][-]{subsubsection.6.2.3.18}{\376\377\000m\000o\000t\000o\000r\000s\000\137\000t\000u\000r\000n\000\137\000l\000e\000f\000t}{subsection.6.2.3}
\BOOKMARK [3][-]{subsubsection.6.2.3.19}{\376\377\000m\000o\000t\000o\000r\000s\000\137\000t\000u\000r\000n\000\137\000r\000i\000g\000h\000t}{subsection.6.2.3}
\BOOKMARK [3][-]{subsubsection.6.2.3.20}{\376\377\000r\000e\000s\000e\000t\000\137\000s\000w\000i\000t\000c\000h}{subsection.6.2.3}
\BOOKMARK [3][-]{subsubsection.6.2.3.21}{\376\377\000s\000t\000a\000t\000u\000s\000\137\000r\000e\000g\000i\000s\000t\000e\000r}{subsection.6.2.3}
\BOOKMARK [1][-]{section.6.3}{\376\377\000I\000D\000P\000:\000:\000L\000i\000n\000e\000F\000o\000l\000l\000o\000w\000i\000n\000g\000\040\000C\000l\000a\000s\000s\000\040\000R\000e\000f\000e\000r\000e\000n\000c\000e}{chapter.6}
\BOOKMARK [2][-]{subsection.6.3.1}{\376\377\000D\000e\000t\000a\000i\000l\000e\000d\000\040\000D\000e\000s\000c\000r\000i\000p\000t\000i\000o\000n}{section.6.3}
\BOOKMARK [2][-]{subsection.6.3.2}{\376\377\000C\000o\000n\000s\000t\000r\000u\000c\000t\000o\000r\000\040\000\046\000\040\000D\000e\000s\000t\000r\000u\000c\000t\000o\000r\000\040\000D\000o\000c\000u\000m\000e\000n\000t\000a\000t\000i\000o\000n}{section.6.3}
\BOOKMARK [3][-]{subsubsection.6.3.2.1}{\376\377\000L\000i\000n\000e\000F\000o\000l\000l\000o\000w\000i\000n\000g}{subsection.6.3.2}
\BOOKMARK [2][-]{subsection.6.3.3}{\376\377\000M\000e\000m\000b\000e\000r\000\040\000F\000u\000n\000c\000t\000i\000o\000n\000\040\000D\000o\000c\000u\000m\000e\000n\000t\000a\000t\000i\000o\000n}{section.6.3}
\BOOKMARK [3][-]{subsubsection.6.3.3.1}{\376\377\000f\000o\000l\000l\000o\000w\000\137\000l\000i\000n\000e}{subsection.6.3.3}
\BOOKMARK [3][-]{subsubsection.6.3.3.2}{\376\377\000s\000e\000t\000\137\000s\000p\000e\000e\000d}{subsection.6.3.3}
\BOOKMARK [3][-]{subsubsection.6.3.3.3}{\376\377\000t\000u\000r\000n\000\137\000l\000e\000f\000t}{subsection.6.3.3}
\BOOKMARK [3][-]{subsubsection.6.3.3.4}{\376\377\000t\000u\000r\000n\000\137\000r\000i\000g\000h\000t}{subsection.6.3.3}
\BOOKMARK [1][-]{section.6.4}{\376\377\000I\000D\000P\000:\000:\000L\000i\000n\000e\000S\000e\000n\000s\000o\000r\000s\000\040\000S\000t\000r\000u\000c\000t\000\040\000R\000e\000f\000e\000r\000e\000n\000c\000e}{chapter.6}
\BOOKMARK [2][-]{subsection.6.4.1}{\376\377\000D\000e\000t\000a\000i\000l\000e\000d\000\040\000D\000e\000s\000c\000r\000i\000p\000t\000i\000o\000n}{section.6.4}
\BOOKMARK [2][-]{subsection.6.4.2}{\376\377\000M\000e\000m\000b\000e\000r\000\040\000D\000a\000t\000a\000\040\000D\000o\000c\000u\000m\000e\000n\000t\000a\000t\000i\000o\000n}{section.6.4}
\BOOKMARK [3][-]{subsubsection.6.4.2.1}{\376\377\000l\000i\000n\000e\000\137\000l\000e\000f\000t}{subsection.6.4.2}
\BOOKMARK [3][-]{subsubsection.6.4.2.2}{\376\377\000l\000i\000n\000e\000\137\000r\000i\000g\000h\000t}{subsection.6.4.2}
\BOOKMARK [3][-]{subsubsection.6.4.2.3}{\376\377\000o\000u\000t\000e\000r\000\137\000l\000e\000f\000t}{subsection.6.4.2}
\BOOKMARK [3][-]{subsubsection.6.4.2.4}{\376\377\000o\000u\000t\000e\000r\000\137\000r\000i\000g\000h\000t}{subsection.6.4.2}
\BOOKMARK [1][-]{section.6.5}{\376\377\000I\000D\000P\000:\000:\000M\000i\000s\000s\000i\000o\000n\000S\000u\000p\000e\000r\000v\000i\000s\000o\000r\000\040\000C\000l\000a\000s\000s\000\040\000R\000e\000f\000e\000r\000e\000n\000c\000e}{chapter.6}
\BOOKMARK [2][-]{subsection.6.5.1}{\376\377\000D\000e\000t\000a\000i\000l\000e\000d\000\040\000D\000e\000s\000c\000r\000i\000p\000t\000i\000o\000n}{section.6.5}
\BOOKMARK [2][-]{subsection.6.5.2}{\376\377\000C\000o\000n\000s\000t\000r\000u\000c\000t\000o\000r\000\040\000\046\000\040\000D\000e\000s\000t\000r\000u\000c\000t\000o\000r\000\040\000D\000o\000c\000u\000m\000e\000n\000t\000a\000t\000i\000o\000n}{section.6.5}
\BOOKMARK [3][-]{subsubsection.6.5.2.1}{\376\377\000M\000i\000s\000s\000i\000o\000n\000S\000u\000p\000e\000r\000v\000i\000s\000o\000r}{subsection.6.5.2}
\BOOKMARK [2][-]{subsection.6.5.3}{\376\377\000M\000e\000m\000b\000e\000r\000\040\000F\000u\000n\000c\000t\000i\000o\000n\000\040\000D\000o\000c\000u\000m\000e\000n\000t\000a\000t\000i\000o\000n}{section.6.5}
\BOOKMARK [3][-]{subsubsection.6.5.3.1}{\376\377\000d\000r\000i\000v\000e\000\137\000b\000a\000c\000k\000w\000a\000r\000d}{subsection.6.5.3}
\BOOKMARK [3][-]{subsubsection.6.5.3.2}{\376\377\000d\000r\000i\000v\000e\000\137\000f\000o\000r\000w\000a\000r\000d}{subsection.6.5.3}
\BOOKMARK [3][-]{subsubsection.6.5.3.3}{\376\377\000h\000a\000l}{subsection.6.5.3}
\BOOKMARK [3][-]{subsubsection.6.5.3.4}{\376\377\000r\000u\000n\000\137\000t\000a\000s\000k}{subsection.6.5.3}
\BOOKMARK [3][-]{subsubsection.6.5.3.5}{\376\377\000s\000t\000o\000p}{subsection.6.5.3}
\BOOKMARK [3][-]{subsubsection.6.5.3.6}{\376\377\000t\000e\000s\000t\000\137\000l\000i\000n\000e\000\137\000f\000o\000l\000l\000o\000w\000i\000n\000g}{subsection.6.5.3}
\BOOKMARK [3][-]{subsubsection.6.5.3.7}{\376\377\000t\000e\000s\000t\000\137\000l\000i\000n\000e\000\137\000s\000e\000n\000s\000o\000r}{subsection.6.5.3}
\BOOKMARK [1][-]{section.6.6}{\376\377\000I\000D\000P\000:\000:\000N\000a\000v\000i\000g\000a\000t\000i\000o\000n\000\040\000C\000l\000a\000s\000s\000\040\000R\000e\000f\000e\000r\000e\000n\000c\000e}{chapter.6}
\BOOKMARK [2][-]{subsection.6.6.1}{\376\377\000D\000e\000t\000a\000i\000l\000e\000d\000\040\000D\000e\000s\000c\000r\000i\000p\000t\000i\000o\000n}{section.6.6}
\BOOKMARK [2][-]{subsection.6.6.2}{\376\377\000C\000o\000n\000s\000t\000r\000u\000c\000t\000o\000r\000\040\000\046\000\040\000D\000e\000s\000t\000r\000u\000c\000t\000o\000r\000\040\000D\000o\000c\000u\000m\000e\000n\000t\000a\000t\000i\000o\000n}{section.6.6}
\BOOKMARK [3][-]{subsubsection.6.6.2.1}{\376\377\000N\000a\000v\000i\000g\000a\000t\000i\000o\000n}{subsection.6.6.2}
\BOOKMARK [2][-]{subsection.6.6.3}{\376\377\000M\000e\000m\000b\000e\000r\000\040\000F\000u\000n\000c\000t\000i\000o\000n\000\040\000D\000o\000c\000u\000m\000e\000n\000t\000a\000t\000i\000o\000n}{section.6.6}
\BOOKMARK [3][-]{subsubsection.6.6.3.1}{\376\377\000g\000o}{subsection.6.6.3}
\BOOKMARK [1][-]{section.6.7}{\376\377\000I\000D\000P\000:\000:\000S\000e\000l\000f\000T\000e\000s\000t\000s\000\040\000C\000l\000a\000s\000s\000\040\000R\000e\000f\000e\000r\000e\000n\000c\000e}{chapter.6}
\BOOKMARK [2][-]{subsection.6.7.1}{\376\377\000D\000e\000t\000a\000i\000l\000e\000d\000\040\000D\000e\000s\000c\000r\000i\000p\000t\000i\000o\000n}{section.6.7}
\BOOKMARK [2][-]{subsection.6.7.2}{\376\377\000C\000o\000n\000s\000t\000r\000u\000c\000t\000o\000r\000\040\000\046\000\040\000D\000e\000s\000t\000r\000u\000c\000t\000o\000r\000\040\000D\000o\000c\000u\000m\000e\000n\000t\000a\000t\000i\000o\000n}{section.6.7}
\BOOKMARK [3][-]{subsubsection.6.7.2.1}{\376\377\000S\000e\000l\000f\000T\000e\000s\000t\000s}{subsection.6.7.2}
\BOOKMARK [2][-]{subsection.6.7.3}{\376\377\000M\000e\000m\000b\000e\000r\000\040\000F\000u\000n\000c\000t\000i\000o\000n\000\040\000D\000o\000c\000u\000m\000e\000n\000t\000a\000t\000i\000o\000n}{section.6.7}
\BOOKMARK [3][-]{subsubsection.6.7.3.1}{\376\377\000a\000c\000t\000u\000a\000t\000o\000r\000s}{subsection.6.7.3}
\BOOKMARK [3][-]{subsubsection.6.7.3.2}{\376\377\000b\000a\000d\000n\000e\000s\000s\000\137\000L\000E\000D}{subsection.6.7.3}
\BOOKMARK [3][-]{subsubsection.6.7.3.3}{\376\377\000b\000o\000b\000b\000i\000n\000\137\000a\000n\000a\000l\000y\000s\000e}{subsection.6.7.3}
\BOOKMARK [3][-]{subsubsection.6.7.3.4}{\376\377\000c\000l\000a\000m\000p\000\137\000c\000o\000n\000t\000r\000o\000l}{subsection.6.7.3}
\BOOKMARK [3][-]{subsubsection.6.7.3.5}{\376\377\000c\000o\000l\000o\000u\000r\000\137\000s\000e\000n\000s\000o\000r\000\137\000L\000E\000D\000s}{subsection.6.7.3}
\BOOKMARK [3][-]{subsubsection.6.7.3.6}{\376\377\000d\000r\000i\000v\000e\000\137\000b\000a\000c\000k\000w\000a\000r\000d}{subsection.6.7.3}
\BOOKMARK [3][-]{subsubsection.6.7.3.7}{\376\377\000d\000r\000i\000v\000e\000\137\000f\000o\000r\000w\000a\000r\000d}{subsection.6.7.3}
\BOOKMARK [3][-]{subsubsection.6.7.3.8}{\376\377\000L\000D\000R\000s}{subsection.6.7.3}
\BOOKMARK [3][-]{subsubsection.6.7.3.9}{\376\377\000l\000i\000n\000e\000\137\000f\000o\000l\000l\000o\000w\000i\000n\000g}{subsection.6.7.3}
\BOOKMARK [3][-]{subsubsection.6.7.3.10}{\376\377\000l\000i\000n\000e\000\137\000s\000e\000n\000s\000o\000r\000s}{subsection.6.7.3}
\BOOKMARK [3][-]{subsubsection.6.7.3.11}{\376\377\000m\000i\000c\000r\000o\000s\000w\000i\000t\000c\000h\000e\000s}{subsection.6.7.3}
\BOOKMARK [3][-]{subsubsection.6.7.3.12}{\376\377\000n\000a\000v\000i\000g\000a\000t\000e}{subsection.6.7.3}
\BOOKMARK [3][-]{subsubsection.6.7.3.13}{\376\377\000p\000o\000s\000i\000t\000i\000o\000n}{subsection.6.7.3}
\BOOKMARK [3][-]{subsubsection.6.7.3.14}{\376\377\000s\000t\000a\000t\000u\000s\000\137\000L\000E\000D\000s}{subsection.6.7.3}
\BOOKMARK [3][-]{subsubsection.6.7.3.15}{\376\377\000s\000t\000e\000e\000r\000\137\000l\000e\000f\000t}{subsection.6.7.3}
\BOOKMARK [3][-]{subsubsection.6.7.3.16}{\376\377\000s\000t\000e\000e\000r\000\137\000r\000i\000g\000h\000t}{subsection.6.7.3}
\BOOKMARK [3][-]{subsubsection.6.7.3.17}{\376\377\000s\000t\000o\000p}{subsection.6.7.3}
\BOOKMARK [3][-]{subsubsection.6.7.3.18}{\376\377\000t\000u\000r\000n\000\137\000l\000e\000f\000t}{subsection.6.7.3}
\BOOKMARK [3][-]{subsubsection.6.7.3.19}{\376\377\000t\000u\000r\000n\000\137\000r\000i\000g\000h\000t}{subsection.6.7.3}
\BOOKMARK [1][-]{section.6.8}{\376\377\000I\000D\000P\000:\000:\000S\000t\000a\000t\000u\000s\000W\000a\000t\000c\000h\000d\000o\000g\000\040\000C\000l\000a\000s\000s\000\040\000R\000e\000f\000e\000r\000e\000n\000c\000e}{chapter.6}
\BOOKMARK [2][-]{subsection.6.8.1}{\376\377\000D\000e\000t\000a\000i\000l\000e\000d\000\040\000D\000e\000s\000c\000r\000i\000p\000t\000i\000o\000n}{section.6.8}
\BOOKMARK [2][-]{subsection.6.8.2}{\376\377\000M\000e\000m\000b\000e\000r\000\040\000F\000u\000n\000c\000t\000i\000o\000n\000\040\000D\000o\000c\000u\000m\000e\000n\000t\000a\000t\000i\000o\000n}{section.6.8}
\BOOKMARK [3][-]{subsubsection.6.8.2.1}{\376\377\000c\000h\000e\000c\000k}{subsection.6.8.2}
\BOOKMARK [0][-]{chapter.7}{\376\377\000F\000i\000l\000e\000\040\000D\000o\000c\000u\000m\000e\000n\000t\000a\000t\000i\000o\000n}{}
\BOOKMARK [1][-]{section.7.1}{\376\377\000l\000i\000b\000i\000d\000p\000/\000c\000l\000a\000m\000p\000\137\000c\000o\000n\000t\000r\000o\000l\000.\000c\000c\000\040\000F\000i\000l\000e\000\040\000R\000e\000f\000e\000r\000e\000n\000c\000e}{chapter.7}
\BOOKMARK [1][-]{section.7.2}{\376\377\000l\000i\000b\000i\000d\000p\000/\000c\000l\000a\000m\000p\000\137\000c\000o\000n\000t\000r\000o\000l\000.\000h\000\040\000F\000i\000l\000e\000\040\000R\000e\000f\000e\000r\000e\000n\000c\000e}{chapter.7}
\BOOKMARK [1][-]{section.7.3}{\376\377\000l\000i\000b\000i\000d\000p\000/\000h\000a\000l\000.\000c\000c\000\040\000F\000i\000l\000e\000\040\000R\000e\000f\000e\000r\000e\000n\000c\000e}{chapter.7}
\BOOKMARK [1][-]{section.7.4}{\376\377\000l\000i\000b\000i\000d\000p\000/\000h\000a\000l\000.\000h\000\040\000F\000i\000l\000e\000\040\000R\000e\000f\000e\000r\000e\000n\000c\000e}{chapter.7}
\BOOKMARK [1][-]{section.7.5}{\376\377\000l\000i\000b\000i\000d\000p\000/\000l\000i\000b\000i\000d\000p\000.\000h\000\040\000F\000i\000l\000e\000\040\000R\000e\000f\000e\000r\000e\000n\000c\000e}{chapter.7}
\BOOKMARK [1][-]{section.7.6}{\376\377\000l\000i\000b\000i\000d\000p\000/\000l\000i\000n\000e\000\137\000f\000o\000l\000l\000o\000w\000i\000n\000g\000.\000c\000c\000\040\000F\000i\000l\000e\000\040\000R\000e\000f\000e\000r\000e\000n\000c\000e}{chapter.7}
\BOOKMARK [1][-]{section.7.7}{\376\377\000l\000i\000b\000i\000d\000p\000/\000l\000i\000n\000e\000\137\000f\000o\000l\000l\000o\000w\000i\000n\000g\000.\000h\000\040\000F\000i\000l\000e\000\040\000R\000e\000f\000e\000r\000e\000n\000c\000e}{chapter.7}
\BOOKMARK [1][-]{section.7.8}{\376\377\000l\000i\000b\000i\000d\000p\000/\000m\000i\000s\000s\000i\000o\000n\000\137\000s\000u\000p\000e\000r\000v\000i\000s\000o\000r\000.\000c\000c\000\040\000F\000i\000l\000e\000\040\000R\000e\000f\000e\000r\000e\000n\000c\000e}{chapter.7}
\BOOKMARK [1][-]{section.7.9}{\376\377\000l\000i\000b\000i\000d\000p\000/\000m\000i\000s\000s\000i\000o\000n\000\137\000s\000u\000p\000e\000r\000v\000i\000s\000o\000r\000.\000h\000\040\000F\000i\000l\000e\000\040\000R\000e\000f\000e\000r\000e\000n\000c\000e}{chapter.7}
\BOOKMARK [1][-]{section.7.10}{\376\377\000l\000i\000b\000i\000d\000p\000/\000n\000a\000v\000i\000g\000a\000t\000i\000o\000n\000.\000c\000c\000\040\000F\000i\000l\000e\000\040\000R\000e\000f\000e\000r\000e\000n\000c\000e}{chapter.7}
\BOOKMARK [1][-]{section.7.11}{\376\377\000l\000i\000b\000i\000d\000p\000/\000n\000a\000v\000i\000g\000a\000t\000i\000o\000n\000.\000h\000\040\000F\000i\000l\000e\000\040\000R\000e\000f\000e\000r\000e\000n\000c\000e}{chapter.7}
\BOOKMARK [1][-]{section.7.12}{\376\377\000l\000i\000b\000i\000d\000p\000/\000s\000e\000l\000f\000\137\000t\000e\000s\000t\000s\000.\000c\000c\000\040\000F\000i\000l\000e\000\040\000R\000e\000f\000e\000r\000e\000n\000c\000e}{chapter.7}
\BOOKMARK [1][-]{section.7.13}{\376\377\000l\000i\000b\000i\000d\000p\000/\000s\000e\000l\000f\000\137\000t\000e\000s\000t\000s\000.\000h\000\040\000F\000i\000l\000e\000\040\000R\000e\000f\000e\000r\000e\000n\000c\000e}{chapter.7}
\BOOKMARK [1][-]{section.7.14}{\376\377\000l\000i\000b\000i\000d\000p\000/\000s\000t\000a\000t\000u\000s\000\137\000w\000a\000t\000c\000h\000d\000o\000g\000.\000c\000c\000\040\000F\000i\000l\000e\000\040\000R\000e\000f\000e\000r\000e\000n\000c\000e}{chapter.7}
\BOOKMARK [1][-]{section.7.15}{\376\377\000l\000i\000b\000i\000d\000p\000/\000s\000t\000a\000t\000u\000s\000\137\000w\000a\000t\000c\000h\000d\000o\000g\000.\000h\000\040\000F\000i\000l\000e\000\040\000R\000e\000f\000e\000r\000e\000n\000c\000e}{chapter.7}
